<?xml version="1.0" encoding="UTF-8"?>
<!-- Generated by org.testng.reporters.JUnitReportReporter -->
<testsuite skipped="0" hostname="Anwesha" name="Runner.TestRunner" tests="2" failures="0" timestamp="12 May 2023 22:24:47 GMT" time="78.158" errors="0">
  <testcase name="runScenario" time="39.079" classname="Runner.TestRunner"/>
  <testcase name="runScenario" time="39.079" classname="Runner.TestRunner"/>
</testsuite> <!-- Runner.TestRunner -->
