<?xml version="1.0" encoding="UTF-8"?>
<!-- Generated by org.testng.reporters.JUnitReportReporter -->
<testsuite skipped="0" hostname="Anwesha" name="Runner.SmokeTestRunner" tests="3" failures="0" timestamp="12 May 2023 23:59:05 GMT" time="72.626" errors="0">
  <testcase name="runScenario" time="10.907" classname="Runner.SmokeTestRunner"/>
  <testcase name="runScenario" time="22.148" classname="Runner.SmokeTestRunner"/>
  <testcase name="runScenario" time="39.571" classname="Runner.SmokeTestRunner"/>
</testsuite> <!-- Runner.SmokeTestRunner -->
