<?xml version="1.0" encoding="UTF-8"?>
<!-- Generated by org.testng.reporters.JUnitReportReporter -->
<testsuite skipped="0" hostname="Anwesha" name="Runner.RegressionTestRunner" tests="2" failures="0" timestamp="12 May 2023 23:59:05 GMT" time="61.628" errors="0">
  <testcase name="runScenario" time="22.008" classname="Runner.RegressionTestRunner"/>
  <testcase name="runScenario" time="39.620" classname="Runner.RegressionTestRunner"/>
</testsuite> <!-- Runner.RegressionTestRunner -->
